2026-04-02 17:37:25 - token_lens - INFO - info:60 - API Call: CoinGecko - https://api.coingecko.com/api/v3/search with params {'query': 'btc'}
2026-04-02 17:37:25 - token_lens - INFO - info:60 - API Success: CoinGecko.search_token - Completed in 0.59s
2026-04-02 17:37:25 - token_lens - INFO - info:60 - Found 8 tokens for query: btc
2026-04-02 17:37:27 - token_lens - INFO - info:60 - API Call: CoinGecko - https://api.coingecko.com/api/v3/coins/bitcoin with params {'tickers': 'true', 'market_data': 'true', 'community_data': 'true', 'developer_data': 'true', 'sparkline': 'false'}
2026-04-02 17:37:27 - token_lens - INFO - info:60 - Fetching data for token: bitcoin
2026-04-02 17:37:28 - token_lens - INFO - info:60 - API Success: CoinGecko.get_token_data - Completed in 0.56s
2026-04-02 17:37:29 - token_lens - INFO - info:60 - Tokenomics 分析完成 [Bitcoin]: 流通比例=100.00%
2026-04-02 17:37:29 - token_lens - INFO - info:60 - Tokenomics 分析完成: data_available=True
2026-04-02 17:37:29 - token_lens - INFO - info:60 - 所有 platforms 地址为空，使用降级估算方案
2026-04-02 17:37:29 - token_lens - INFO - info:60 - 使用估算方案: rank=1, volume=44390432668, risk=LOW
2026-04-02 17:37:29 - token_lens - INFO - info:60 - 链上数据获取完成: data_available=True
2026-04-02 17:37:29 - token_lens - INFO - info:60 - 找到 5 个相似项目进行对标
2026-04-02 17:37:29 - token_lens - INFO - info:60 - 基准对标完成: 找到 5 个相似项目
2026-04-02 17:37:29 - token_lens - INFO - info:60 - Demo mode: skipping reflection for Bitcoin
2026-04-02 17:37:29 - token_lens - INFO - info:60 - Using demo mode for Bitcoin
2026-04-02 17:37:29 - token_lens - INFO - info:60 - 预测记录已保存: assessment_id=14
2026-04-02 17:38:56 - token_lens - INFO - info:60 - API Call: CoinGecko - https://api.coingecko.com/api/v3/coins/bitcoin with params {'tickers': 'true', 'market_data': 'true', 'community_data': 'true', 'developer_data': 'true', 'sparkline': 'false'}
2026-04-02 17:38:56 - token_lens - INFO - info:60 - Fetching data for token: bitcoin
2026-04-02 17:38:57 - token_lens - INFO - info:60 - API Success: CoinGecko.get_token_data - Completed in 0.69s
2026-04-02 17:38:57 - token_lens - INFO - info:60 - Tokenomics 分析完成 [Bitcoin]: 流通比例=100.00%
2026-04-02 17:38:57 - token_lens - INFO - info:60 - Tokenomics 分析完成: data_available=True
2026-04-02 17:38:57 - token_lens - INFO - info:60 - 所有 platforms 地址为空，使用降级估算方案
2026-04-02 17:38:57 - token_lens - INFO - info:60 - 使用估算方案: rank=1, volume=44408009675, risk=LOW
2026-04-02 17:38:57 - token_lens - INFO - info:60 - 链上数据获取完成: data_available=True
2026-04-02 17:38:57 - token_lens - INFO - info:60 - 找到 5 个相似项目进行对标
2026-04-02 17:38:57 - token_lens - INFO - info:60 - 基准对标完成: 找到 5 个相似项目
2026-04-02 17:38:57 - token_lens - INFO - info:60 - Demo mode: skipping reflection for Bitcoin
2026-04-02 17:38:57 - token_lens - INFO - info:60 - Using demo mode for Bitcoin
2026-04-02 17:38:57 - token_lens - INFO - info:60 - 预测记录已保存: assessment_id=15
2026-04-02 17:39:11 - token_lens - INFO - info:60 - API Call: CoinGecko - https://api.coingecko.com/api/v3/search with params {'query': 'R2'}
2026-04-02 17:39:11 - token_lens - INFO - info:60 - API Success: CoinGecko.search_token - Completed in 0.69s
2026-04-02 17:39:11 - token_lens - INFO - info:60 - Found 5 tokens for query: R2
2026-04-02 17:39:13 - token_lens - INFO - info:60 - API Call: CoinGecko - https://api.coingecko.com/api/v3/coins/mstr2100 with params {'tickers': 'true', 'market_data': 'true', 'community_data': 'true', 'developer_data': 'true', 'sparkline': 'false'}
2026-04-02 17:39:13 - token_lens - INFO - info:60 - Fetching data for token: mstr2100
2026-04-02 17:39:14 - token_lens - INFO - info:60 - API Success: CoinGecko.get_token_data - Completed in 0.54s
2026-04-02 17:39:14 - token_lens - INFO - info:60 - Tokenomics 分析完成 [MSTR2100]: 流通比例=100.00%
2026-04-02 17:39:14 - token_lens - INFO - info:60 - Tokenomics 分析完成: data_available=True
2026-04-02 17:39:14 - token_lens - INFO - info:60 - 找到合约地址: ethereum - 0x42069026eac8eee0fd...
2026-04-02 17:39:14 - token_lens - INFO - info:60 - Etherscan API Key 未配置，跳过链上数据获取
2026-04-02 17:39:14 - token_lens - INFO - info:60 - 链上 API 数据获取失败，使用降级估算方案
2026-04-02 17:39:14 - token_lens - INFO - info:60 - 使用估算方案: rank=3348, volume=294722, risk=HIGH
2026-04-02 17:39:14 - token_lens - INFO - info:60 - 链上数据获取完成: data_available=True
2026-04-02 17:39:14 - token_lens - INFO - info:60 - 找到 5 个相似项目进行对标
2026-04-02 17:39:14 - token_lens - INFO - info:60 - 基准对标完成: 找到 5 个相似项目
2026-04-02 17:39:14 - token_lens - INFO - info:60 - Demo mode: skipping reflection for MSTR2100
2026-04-02 17:39:14 - token_lens - INFO - info:60 - Using demo mode for MSTR2100
2026-04-02 17:39:15 - token_lens - INFO - info:60 - 预测记录已保存: assessment_id=16
2026-04-02 17:44:49 - token_lens - INFO - info:60 - API Call: CoinGecko - https://api.coingecko.com/api/v3/search with params {'query': 'r2'}
2026-04-02 17:44:50 - token_lens - INFO - info:60 - API Success: CoinGecko.search_token - Completed in 0.47s
2026-04-02 17:44:50 - token_lens - INFO - info:60 - Found 5 tokens for query: r2
2026-04-02 17:44:51 - token_lens - INFO - info:60 - API Call: CoinGecko - https://api.coingecko.com/api/v3/coins/mstr2100 with params {'tickers': 'true', 'market_data': 'true', 'community_data': 'true', 'developer_data': 'true', 'sparkline': 'false'}
2026-04-02 17:44:51 - token_lens - INFO - info:60 - Fetching data for token: mstr2100
2026-04-02 17:44:51 - token_lens - INFO - info:60 - API Success: CoinGecko.get_token_data - Completed in 0.54s
2026-04-02 17:44:52 - token_lens - INFO - info:60 - Tokenomics 分析完成 [MSTR2100]: 流通比例=100.00%
2026-04-02 17:44:52 - token_lens - INFO - info:60 - Tokenomics 分析完成: data_available=True
2026-04-02 17:44:52 - token_lens - INFO - info:60 - 找到合约地址: ethereum - 0x42069026eac8eee0fd...
2026-04-02 17:44:52 - token_lens - INFO - info:60 - Etherscan API Key 未配置，跳过链上数据获取
2026-04-02 17:44:52 - token_lens - INFO - info:60 - 链上 API 数据获取失败，使用降级估算方案
2026-04-02 17:44:52 - token_lens - INFO - info:60 - 使用估算方案: rank=3350, volume=294237, risk=HIGH
2026-04-02 17:44:52 - token_lens - INFO - info:60 - 链上数据获取完成: data_available=True
2026-04-02 17:44:52 - token_lens - INFO - info:60 - 找到 5 个相似项目进行对标
2026-04-02 17:44:52 - token_lens - INFO - info:60 - 基准对标完成: 找到 5 个相似项目
2026-04-02 17:44:52 - token_lens - INFO - info:60 - Demo mode: skipping reflection for MSTR2100
2026-04-02 17:44:52 - token_lens - INFO - info:60 - Using demo mode for MSTR2100
2026-04-02 17:44:52 - token_lens - INFO - info:60 - 预测记录已保存: assessment_id=17
2026-04-02 17:45:05 - token_lens - INFO - info:60 - API Call: CoinGecko - https://api.coingecko.com/api/v3/search with params {'query': 'r2'}
2026-04-02 17:45:06 - token_lens - INFO - info:60 - API Success: CoinGecko.search_token - Completed in 0.83s
2026-04-02 17:45:06 - token_lens - INFO - info:60 - Found 5 tokens for query: r2
2026-04-02 17:45:07 - token_lens - INFO - info:60 - API Call: CoinGecko - https://api.coingecko.com/api/v3/coins/mstr2100 with params {'tickers': 'true', 'market_data': 'true', 'community_data': 'true', 'developer_data': 'true', 'sparkline': 'false'}
2026-04-02 17:45:07 - token_lens - INFO - info:60 - Fetching data for token: mstr2100
2026-04-02 17:45:07 - token_lens - INFO - info:60 - API Success: CoinGecko.get_token_data - Completed in 0.31s
2026-04-02 17:45:07 - token_lens - INFO - info:60 - Tokenomics 分析完成 [MSTR2100]: 流通比例=100.00%
2026-04-02 17:45:07 - token_lens - INFO - info:60 - Tokenomics 分析完成: data_available=True
2026-04-02 17:45:07 - token_lens - INFO - info:60 - 找到合约地址: ethereum - 0x42069026eac8eee0fd...
2026-04-02 17:45:07 - token_lens - INFO - info:60 - Etherscan API Key 未配置，跳过链上数据获取
2026-04-02 17:45:07 - token_lens - INFO - info:60 - 链上 API 数据获取失败，使用降级估算方案
2026-04-02 17:45:07 - token_lens - INFO - info:60 - 使用估算方案: rank=3350, volume=294237, risk=HIGH
2026-04-02 17:45:07 - token_lens - INFO - info:60 - 链上数据获取完成: data_available=True
2026-04-02 17:45:07 - token_lens - INFO - info:60 - 找到 5 个相似项目进行对标
2026-04-02 17:45:07 - token_lens - INFO - info:60 - 基准对标完成: 找到 5 个相似项目
2026-04-02 17:45:07 - token_lens - INFO - info:60 - Demo mode: skipping reflection for MSTR2100
2026-04-02 17:45:07 - token_lens - INFO - info:60 - Using demo mode for MSTR2100
2026-04-02 17:45:07 - token_lens - INFO - info:60 - 预测记录已保存: assessment_id=18
2026-04-02 17:46:40 - token_lens - INFO - info:60 - API Call: CoinGecko - https://api.coingecko.com/api/v3/coins/ethereum with params {'tickers': 'true', 'market_data': 'true', 'community_data': 'true', 'developer_data': 'true', 'sparkline': 'false'}
2026-04-02 17:46:40 - token_lens - INFO - info:60 - Fetching data for token: ethereum
2026-04-02 17:46:41 - token_lens - INFO - info:60 - API Success: CoinGecko.get_token_data - Completed in 0.61s
2026-04-02 17:47:56 - token_lens - INFO - info:60 - API Call: CoinGecko - https://api.coingecko.com/api/v3/coins/r2protocol with params {'tickers': 'true', 'market_data': 'true', 'community_data': 'true', 'developer_data': 'true', 'sparkline': 'false'}
2026-04-02 17:47:56 - token_lens - INFO - info:60 - Fetching data for token: r2protocol
2026-04-02 17:47:57 - token_lens - INFO - info:60 - API Success: CoinGecko.get_token_data - Completed in 0.67s
2026-04-02 17:47:58 - token_lens - INFO - info:60 - Tokenomics 分析完成 [R2 Protocol]: 流通比例=10.40%
2026-04-02 17:47:58 - token_lens - INFO - info:60 - Tokenomics 分析完成: data_available=True
2026-04-02 17:47:58 - token_lens - INFO - info:60 - 找到合约地址: bsc - 0x223a20e1b83aa3832e...
2026-04-02 17:47:58 - token_lens - INFO - info:60 - 链上 API 数据获取失败，使用降级估算方案
2026-04-02 17:47:58 - token_lens - INFO - info:60 - 使用估算方案: rank=3573, volume=1101233, risk=MEDIUM
2026-04-02 17:47:58 - token_lens - INFO - info:60 - 链上数据获取完成: data_available=True
2026-04-02 17:47:58 - token_lens - INFO - info:60 - 找到 5 个相似项目进行对标
2026-04-02 17:47:58 - token_lens - INFO - info:60 - 基准对标完成: 找到 5 个相似项目
2026-04-02 17:47:58 - token_lens - INFO - info:60 - Demo mode: skipping reflection for R2 Protocol
2026-04-02 17:47:58 - token_lens - INFO - info:60 - Using demo mode for R2 Protocol
2026-04-02 17:47:58 - token_lens - INFO - info:60 - 预测记录已保存: assessment_id=19
2026-04-02 17:51:58 - token_lens - INFO - info:60 - API Call: CoinGecko - https://api.coingecko.com/api/v3/search with params {'query': 'bitcoin'}
2026-04-02 17:51:59 - token_lens - INFO - info:60 - API Success: CoinGecko.search_token - Completed in 1.14s
2026-04-02 17:51:59 - token_lens - INFO - info:60 - Found 8 tokens for query: bitcoin
2026-04-02 17:52:20 - token_lens - INFO - info:60 - API Call: CoinGecko - https://api.coingecko.com/api/v3/coins/bitcoin with params {'tickers': 'true', 'market_data': 'true', 'community_data': 'true', 'developer_data': 'true', 'sparkline': 'false'}
2026-04-02 17:52:20 - token_lens - INFO - info:60 - Fetching data for token: bitcoin
2026-04-02 17:52:21 - token_lens - INFO - info:60 - API Success: CoinGecko.get_token_data - Completed in 0.55s
2026-04-02 17:52:21 - token_lens - INFO - info:60 - Tokenomics 分析完成 [Bitcoin]: 流通比例=100.00%
2026-04-02 17:52:21 - token_lens - INFO - info:60 - Tokenomics 分析完成: data_available=True
2026-04-02 17:52:21 - token_lens - INFO - info:60 - 所有 platforms 地址为空，使用降级估算方案
2026-04-02 17:52:21 - token_lens - INFO - info:60 - 使用估算方案: rank=1, volume=43694329245, risk=LOW
2026-04-02 17:52:21 - token_lens - INFO - info:60 - 链上数据获取完成: data_available=True
2026-04-02 17:52:21 - token_lens - INFO - info:60 - 没有可用的历史评估记录进行对标
2026-04-02 17:52:21 - token_lens - INFO - info:60 - 基准对标完成: 找到 0 个相似项目
2026-04-02 17:52:21 - token_lens - INFO - info:60 - Demo mode: skipping reflection for Bitcoin
2026-04-02 17:52:21 - token_lens - INFO - info:60 - Using demo mode for Bitcoin
2026-04-02 17:52:22 - token_lens - INFO - info:60 - 预测记录已保存: assessment_id=20
2026-04-02 17:53:25 - token_lens - INFO - info:60 - API Call: CoinGecko - https://api.coingecko.com/api/v3/coins/ethereum with params {'tickers': 'true', 'market_data': 'true', 'community_data': 'true', 'developer_data': 'true', 'sparkline': 'false'}
2026-04-02 17:53:25 - token_lens - INFO - info:60 - Fetching data for token: ethereum
2026-04-02 17:53:25 - token_lens - INFO - info:60 - API Success: CoinGecko.get_token_data - Completed in 0.80s
2026-04-02 17:53:26 - token_lens - INFO - info:60 - Tokenomics 分析完成 [Ethereum]: 流通比例=100.00%
2026-04-02 17:53:26 - token_lens - INFO - info:60 - Tokenomics 分析完成: data_available=True
2026-04-02 17:53:26 - token_lens - INFO - info:60 - 所有 platforms 地址为空，使用降级估算方案
2026-04-02 17:53:26 - token_lens - INFO - info:60 - 使用估算方案: rank=2, volume=19787653769, risk=LOW
2026-04-02 17:53:26 - token_lens - INFO - info:60 - 链上数据获取完成: data_available=True
2026-04-02 17:53:26 - token_lens - INFO - info:60 - 找到 1 个相似项目进行对标
2026-04-02 17:53:26 - token_lens - INFO - info:60 - 基准对标完成: 找到 1 个相似项目
2026-04-02 17:53:26 - token_lens - INFO - info:60 - Demo mode: skipping reflection for Ethereum
2026-04-02 17:53:26 - token_lens - INFO - info:60 - Using demo mode for Ethereum
2026-04-02 17:53:26 - token_lens - INFO - info:60 - 预测记录已保存: assessment_id=21
2026-04-02 18:10:20 - token_lens - INFO - info:60 - API Call: CoinGecko - https://api.coingecko.com/api/v3/search with params {'query': 'bitcoin'}
2026-04-02 18:10:21 - token_lens - INFO - info:60 - API Success: CoinGecko.search_token - Completed in 0.69s
2026-04-02 18:10:21 - token_lens - INFO - info:60 - Found 8 tokens for query: bitcoin
2026-04-02 18:10:25 - token_lens - INFO - info:60 - API Call: CoinGecko - https://api.coingecko.com/api/v3/coins/bitcoin with params {'tickers': 'true', 'market_data': 'true', 'community_data': 'true', 'developer_data': 'true', 'sparkline': 'false'}
2026-04-02 18:10:25 - token_lens - INFO - info:60 - Fetching data for token: bitcoin
2026-04-02 18:10:26 - token_lens - INFO - info:60 - API Success: CoinGecko.get_token_data - Completed in 0.57s
2026-04-02 18:10:26 - token_lens - INFO - info:60 - Tokenomics 分析完成 [Bitcoin]: 流通比例=100.00%
2026-04-02 18:10:26 - token_lens - INFO - info:60 - Tokenomics 分析完成: data_available=True
2026-04-02 18:10:26 - token_lens - INFO - info:60 - 所有 platforms 地址为空，使用降级估算方案
2026-04-02 18:10:26 - token_lens - INFO - info:60 - 使用估算方案: rank=1, volume=44225021513, risk=LOW
2026-04-02 18:10:26 - token_lens - INFO - info:60 - 链上数据获取完成: data_available=True
2026-04-02 18:10:26 - token_lens - INFO - info:60 - 找到 2 个相似项目进行对标
2026-04-02 18:10:26 - token_lens - INFO - info:60 - 基准对标完成: 找到 2 个相似项目
2026-04-02 18:10:26 - token_lens - INFO - info:60 - Demo mode: skipping reflection for Bitcoin
2026-04-02 18:10:26 - token_lens - INFO - info:60 - Using demo mode for Bitcoin
2026-04-02 18:10:26 - token_lens - INFO - info:60 - 预测记录已保存: assessment_id=22
2026-04-02 18:13:58 - token_lens - INFO - info:60 - API Call: CoinGecko - https://api.coingecko.com/api/v3/search with params {'query': 'r2'}
2026-04-02 18:13:58 - token_lens - INFO - info:60 - API Success: CoinGecko.search_token - Completed in 0.47s
2026-04-02 18:13:58 - token_lens - INFO - info:60 - Found 5 tokens for query: r2
2026-04-02 18:14:02 - token_lens - INFO - info:60 - API Call: CoinGecko - https://api.coingecko.com/api/v3/coins/r2protocol with params {'tickers': 'true', 'market_data': 'true', 'community_data': 'true', 'developer_data': 'true', 'sparkline': 'false'}
2026-04-02 18:14:02 - token_lens - INFO - info:60 - Fetching data for token: r2protocol
2026-04-02 18:14:02 - token_lens - INFO - info:60 - API Success: CoinGecko.get_token_data - Completed in 0.61s
2026-04-02 18:14:03 - token_lens - INFO - info:60 - Tokenomics 分析完成 [R2 Protocol]: 流通比例=10.40%
2026-04-02 18:14:03 - token_lens - INFO - info:60 - Tokenomics 分析完成: data_available=True
2026-04-02 18:14:03 - token_lens - INFO - info:60 - 找到合约地址: bsc - 0x223a20e1b83aa3832e...
2026-04-02 18:14:03 - token_lens - INFO - info:60 - 链上 API 数据获取失败，使用降级估算方案
2026-04-02 18:14:03 - token_lens - INFO - info:60 - 使用估算方案: rank=3638, volume=1048380, risk=MEDIUM
2026-04-02 18:14:03 - token_lens - INFO - info:60 - 链上数据获取完成: data_available=True
2026-04-02 18:14:03 - token_lens - INFO - info:60 - 找到 3 个相似项目进行对标
2026-04-02 18:14:03 - token_lens - INFO - info:60 - 基准对标完成: 找到 3 个相似项目
2026-04-02 18:14:03 - token_lens - INFO - info:60 - Demo mode: skipping reflection for R2 Protocol
2026-04-02 18:14:03 - token_lens - INFO - info:60 - Using demo mode for R2 Protocol
2026-04-02 18:14:03 - token_lens - INFO - info:60 - 预测记录已保存: assessment_id=23
2026-04-02 18:18:16 - token_lens - INFO - info:60 - API Call: CoinGecko - https://api.coingecko.com/api/v3/search with params {'query': 'r2'}
2026-04-02 18:18:16 - token_lens - INFO - info:60 - API Success: CoinGecko.search_token - Completed in 0.33s
2026-04-02 18:18:16 - token_lens - INFO - info:60 - Found 5 tokens for query: r2
2026-04-02 18:18:18 - token_lens - INFO - info:60 - API Call: CoinGecko - https://api.coingecko.com/api/v3/coins/mstr2100 with params {'tickers': 'true', 'market_data': 'true', 'community_data': 'true', 'developer_data': 'true', 'sparkline': 'false'}
2026-04-02 18:18:18 - token_lens - INFO - info:60 - Fetching data for token: mstr2100
2026-04-02 18:18:18 - token_lens - INFO - info:60 - API Success: CoinGecko.get_token_data - Completed in 0.60s
2026-04-02 18:18:19 - token_lens - INFO - info:60 - Tokenomics 分析完成 [MSTR2100]: 流通比例=100.00%
2026-04-02 18:18:19 - token_lens - INFO - info:60 - Tokenomics 分析完成: data_available=True
2026-04-02 18:18:19 - token_lens - INFO - info:60 - 找到合约地址: ethereum - 0x42069026eac8eee0fd...
2026-04-02 18:18:19 - token_lens - INFO - info:60 - Etherscan API Key 未配置，跳过链上数据获取
2026-04-02 18:18:19 - token_lens - INFO - info:60 - 链上 API 数据获取失败，使用降级估算方案
2026-04-02 18:18:19 - token_lens - INFO - info:60 - 使用估算方案: rank=3369, volume=289098, risk=HIGH
2026-04-02 18:18:19 - token_lens - INFO - info:60 - 链上数据获取完成: data_available=True
2026-04-02 18:18:19 - token_lens - INFO - info:60 - 找到 4 个相似项目进行对标
2026-04-02 18:18:19 - token_lens - INFO - info:60 - 基准对标完成: 找到 4 个相似项目
2026-04-02 18:18:19 - token_lens - INFO - info:60 - Demo mode: skipping reflection for MSTR2100
2026-04-02 18:18:19 - token_lens - INFO - info:60 - Using demo mode for MSTR2100
2026-04-02 18:18:19 - token_lens - INFO - info:60 - 预测记录已保存: assessment_id=24
2026-04-02 18:19:18 - token_lens - INFO - info:60 - API Call: CoinGecko - https://api.coingecko.com/api/v3/search with params {'query': 'r2'}
2026-04-02 18:19:18 - token_lens - INFO - info:60 - API Success: CoinGecko.search_token - Completed in 0.33s
2026-04-02 18:19:18 - token_lens - INFO - info:60 - Found 5 tokens for query: r2
2026-04-02 18:19:23 - token_lens - INFO - info:60 - API Call: CoinGecko - https://api.coingecko.com/api/v3/coins/mstr2100 with params {'tickers': 'true', 'market_data': 'true', 'community_data': 'true', 'developer_data': 'true', 'sparkline': 'false'}
2026-04-02 18:19:23 - token_lens - INFO - info:60 - Fetching data for token: mstr2100
2026-04-02 18:19:24 - token_lens - INFO - info:60 - API Success: CoinGecko.get_token_data - Completed in 0.81s
2026-04-02 18:19:24 - token_lens - INFO - info:60 - Tokenomics 分析完成 [MSTR2100]: 流通比例=100.00%
2026-04-02 18:19:24 - token_lens - INFO - info:60 - Tokenomics 分析完成: data_available=True
2026-04-02 18:19:24 - token_lens - INFO - info:60 - 找到合约地址: ethereum - 0x42069026eac8eee0fd...
2026-04-02 18:19:24 - token_lens - INFO - info:60 - Etherscan API Key 未配置，跳过链上数据获取
2026-04-02 18:19:24 - token_lens - INFO - info:60 - 链上 API 数据获取失败，使用降级估算方案
2026-04-02 18:19:24 - token_lens - INFO - info:60 - 使用估算方案: rank=3369, volume=289098, risk=HIGH
2026-04-02 18:19:24 - token_lens - INFO - info:60 - 链上数据获取完成: data_available=True
2026-04-02 18:19:24 - token_lens - INFO - info:60 - 找到 5 个相似项目进行对标
2026-04-02 18:19:24 - token_lens - INFO - info:60 - 基准对标完成: 找到 5 个相似项目
2026-04-02 18:19:24 - token_lens - INFO - info:60 - Demo mode: skipping reflection for MSTR2100
2026-04-02 18:19:24 - token_lens - INFO - info:60 - Using demo mode for MSTR2100
2026-04-02 18:19:25 - token_lens - INFO - info:60 - 预测记录已保存: assessment_id=25
2026-04-02 18:24:12 - token_lens - INFO - info:60 - 开始回测，最大处理记录数: 20
2026-04-02 18:24:12 - token_lens - INFO - info:60 - 没有需要验证的预测记录
2026-04-02 18:27:32 - token_lens - INFO - info:60 - API Call: CoinGecko - https://api.coingecko.com/api/v3/search with params {'query': 'r2'}
2026-04-02 18:27:33 - token_lens - INFO - info:60 - API Success: CoinGecko.search_token - Completed in 0.65s
2026-04-02 18:27:33 - token_lens - INFO - info:60 - Found 5 tokens for query: r2
2026-04-02 18:27:36 - token_lens - INFO - info:60 - API Call: CoinGecko - https://api.coingecko.com/api/v3/coins/mstr2100 with params {'tickers': 'true', 'market_data': 'true', 'community_data': 'true', 'developer_data': 'true', 'sparkline': 'false'}
2026-04-02 18:27:36 - token_lens - INFO - info:60 - Fetching data for token: mstr2100
2026-04-02 18:27:37 - token_lens - INFO - info:60 - API Success: CoinGecko.get_token_data - Completed in 0.52s
2026-04-02 18:27:37 - token_lens - INFO - info:60 - Tokenomics 分析完成 [MSTR2100]: 流通比例=100.00%
2026-04-02 18:27:37 - token_lens - INFO - info:60 - Tokenomics 分析完成: data_available=True
2026-04-02 18:27:37 - token_lens - INFO - info:60 - 找到合约地址: ethereum - 0x42069026eac8eee0fd...
2026-04-02 18:27:37 - token_lens - INFO - info:60 - Etherscan API Key 未配置，跳过链上数据获取
2026-04-02 18:27:37 - token_lens - INFO - info:60 - 链上 API 数据获取失败，使用降级估算方案
2026-04-02 18:27:37 - token_lens - INFO - info:60 - 使用估算方案: rank=3374, volume=288593, risk=HIGH
2026-04-02 18:27:37 - token_lens - INFO - info:60 - 链上数据获取完成: data_available=True
2026-04-02 18:27:37 - token_lens - INFO - info:60 - 找到 5 个相似项目进行对标
2026-04-02 18:27:37 - token_lens - INFO - info:60 - 基准对标完成: 找到 5 个相似项目
2026-04-02 18:27:37 - token_lens - INFO - info:60 - Demo mode: skipping reflection for MSTR2100
2026-04-02 18:27:37 - token_lens - INFO - info:60 - Using demo mode for MSTR2100
2026-04-02 18:27:37 - token_lens - INFO - info:60 - 预测记录已保存: assessment_id=26
2026-04-02 18:34:26 - token_lens - INFO - info:60 - API Call: CoinGecko - https://api.coingecko.com/api/v3/search with params {'query': 'r2'}
2026-04-02 18:34:26 - token_lens - INFO - info:60 - API Success: CoinGecko.search_token - Completed in 0.34s
2026-04-02 18:34:26 - token_lens - INFO - info:60 - Found 5 tokens for query: r2
2026-04-02 18:34:33 - token_lens - INFO - info:60 - API Call: CoinGecko - https://api.coingecko.com/api/v3/coins/mstr2100 with params {'tickers': 'true', 'market_data': 'true', 'community_data': 'true', 'developer_data': 'true', 'sparkline': 'false'}
2026-04-02 18:34:33 - token_lens - INFO - info:60 - Fetching data for token: mstr2100
2026-04-02 18:34:33 - token_lens - INFO - info:60 - API Success: CoinGecko.get_token_data - Completed in 0.46s
2026-04-02 18:34:34 - token_lens - INFO - info:60 - Tokenomics 分析完成 [MSTR2100]: 流通比例=100.00%
2026-04-02 18:34:34 - token_lens - INFO - info:60 - Tokenomics 分析完成: data_available=True
2026-04-02 18:34:34 - token_lens - INFO - info:60 - 找到合约地址: ethereum - 0x42069026eac8eee0fd...
2026-04-02 18:34:34 - token_lens - INFO - info:60 - Etherscan API Key 未配置，跳过链上数据获取
2026-04-02 18:34:34 - token_lens - INFO - info:60 - 链上 API 数据获取失败，使用降级估算方案
2026-04-02 18:34:34 - token_lens - INFO - info:60 - 使用估算方案: rank=3373, volume=288814, risk=HIGH
2026-04-02 18:34:34 - token_lens - INFO - info:60 - 链上数据获取完成: data_available=True
2026-04-02 18:34:34 - token_lens - INFO - info:60 - 找到 5 个相似项目进行对标
2026-04-02 18:34:34 - token_lens - INFO - info:60 - 基准对标完成: 找到 5 个相似项目
2026-04-02 18:34:34 - token_lens - INFO - info:60 - Demo mode: skipping reflection for MSTR2100
2026-04-02 18:34:34 - token_lens - INFO - info:60 - Using demo mode for MSTR2100
2026-04-02 18:34:34 - token_lens - INFO - info:60 - 预测记录已保存: assessment_id=27
2026-04-02 18:40:20 - token_lens - INFO - info:60 - API Call: CoinGecko - https://api.coingecko.com/api/v3/search with params {'query': 'r2'}
2026-04-02 18:40:20 - token_lens - INFO - info:60 - API Success: CoinGecko.search_token - Completed in 0.66s
2026-04-02 18:40:20 - token_lens - INFO - info:60 - Found 5 tokens for query: r2
2026-04-02 18:40:23 - token_lens - INFO - info:60 - API Call: CoinGecko - https://api.coingecko.com/api/v3/coins/mstr2100 with params {'tickers': 'true', 'market_data': 'true', 'community_data': 'true', 'developer_data': 'true', 'sparkline': 'false'}
2026-04-02 18:40:23 - token_lens - INFO - info:60 - Fetching data for token: mstr2100
2026-04-02 18:40:23 - token_lens - INFO - info:60 - API Success: CoinGecko.get_token_data - Completed in 0.55s
2026-04-02 18:40:24 - token_lens - INFO - info:60 - Tokenomics 分析完成 [MSTR2100]: 流通比例=100.00%
2026-04-02 18:40:24 - token_lens - INFO - info:60 - Tokenomics 分析完成: data_available=True
2026-04-02 18:40:24 - token_lens - INFO - info:60 - 找到合约地址: ethereum - 0x42069026eac8eee0fd...
2026-04-02 18:40:24 - token_lens - INFO - info:60 - Etherscan API Key 未配置，跳过链上数据获取
2026-04-02 18:40:24 - token_lens - INFO - info:60 - 链上 API 数据获取失败，使用降级估算方案
2026-04-02 18:40:24 - token_lens - INFO - info:60 - 使用估算方案: rank=3375, volume=288412, risk=HIGH
2026-04-02 18:40:24 - token_lens - INFO - info:60 - 链上数据获取完成: data_available=True
2026-04-02 18:40:24 - token_lens - INFO - info:60 - 找到 5 个相似项目进行对标
2026-04-02 18:40:24 - token_lens - INFO - info:60 - 基准对标完成: 找到 5 个相似项目
2026-04-02 18:40:24 - token_lens - INFO - info:60 - Demo mode: skipping reflection for MSTR2100
2026-04-02 18:40:24 - token_lens - INFO - info:60 - Using demo mode for MSTR2100
2026-04-02 18:40:24 - token_lens - INFO - info:60 - 预测记录已保存: assessment_id=28
2026-04-02 18:44:38 - token_lens - INFO - info:60 - API Call: CoinGecko - https://api.coingecko.com/api/v3/search with params {'query': 'r2'}
2026-04-02 18:44:38 - token_lens - INFO - info:60 - API Success: CoinGecko.search_token - Completed in 0.33s
2026-04-02 18:44:38 - token_lens - INFO - info:60 - Found 5 tokens for query: r2
2026-04-02 18:49:18 - token_lens - INFO - info:60 - API Call: CoinGecko - https://api.coingecko.com/api/v3/search with params {'query': 'r2'}
2026-04-02 18:49:18 - token_lens - INFO - info:60 - API Success: CoinGecko.search_token - Completed in 0.41s
2026-04-02 18:49:18 - token_lens - INFO - info:60 - Found 5 tokens for query: r2
2026-04-02 18:53:54 - token_lens - INFO - info:60 - API Call: CoinGecko - https://api.coingecko.com/api/v3/search with params {'query': 'r2'}
2026-04-02 18:53:54 - token_lens - INFO - info:60 - API Success: CoinGecko.search_token - Completed in 0.58s
2026-04-02 18:53:54 - token_lens - INFO - info:60 - Found 5 tokens for query: r2
